nohup: ignoring input
[Wed Oct  8 14:31:05 UTC 2025] n=5 m=4 algo=lggfn seed=1 -> logs/lggfn_n5_m4_seed1_20251008-143105.log
[Wed Oct  8 15:24:35 UTC 2025] n=5 m=4 algo=lggfn seed=2 -> logs/lggfn_n5_m4_seed2_20251008-152435.log
[Wed Oct  8 16:21:06 UTC 2025] n=5 m=4 algo=lggfn seed=3 -> logs/lggfn_n5_m4_seed3_20251008-162106.log
[Wed Oct  8 17:16:50 UTC 2025] n=5 m=4 algo=AT seed=1 -> logs/AT_n5_m4_seed1_20251008-171650.log
[Wed Oct  8 18:11:29 UTC 2025] n=5 m=4 algo=AT seed=2 -> logs/AT_n5_m4_seed2_20251008-181129.log
[Wed Oct  8 19:07:18 UTC 2025] n=5 m=4 algo=AT seed=3 -> logs/AT_n5_m4_seed3_20251008-190718.log
[Wed Oct  8 20:03:20 UTC 2025] n=6 m=6 algo=lggfn seed=1 -> logs/lggfn_n6_m6_seed1_20251008-200320.log
[Wed Oct  8 21:26:16 UTC 2025] n=6 m=6 algo=lggfn seed=2 -> logs/lggfn_n6_m6_seed2_20251008-212616.log
[Wed Oct  8 22:50:17 UTC 2025] n=6 m=6 algo=lggfn seed=3 -> logs/lggfn_n6_m6_seed3_20251008-225017.log
[Thu Oct  9 00:14:35 UTC 2025] n=6 m=6 algo=AT seed=1 -> logs/AT_n6_m6_seed1_20251009-001435.log
[Thu Oct  9 01:37:54 UTC 2025] n=6 m=6 algo=AT seed=2 -> logs/AT_n6_m6_seed2_20251009-013754.log
[Thu Oct  9 03:01:43 UTC 2025] n=6 m=6 algo=AT seed=3 -> logs/AT_n6_m6_seed3_20251009-030143.log
[Thu Oct  9 04:25:11 UTC 2025] n=7 m=8 algo=lggfn seed=1 -> logs/lggfn_n7_m8_seed1_20251009-042511.log
[Thu Oct  9 06:22:34 UTC 2025] n=7 m=8 algo=lggfn seed=2 -> logs/lggfn_n7_m8_seed2_20251009-062234.log
[Thu Oct  9 08:20:14 UTC 2025] n=7 m=8 algo=lggfn seed=3 -> logs/lggfn_n7_m8_seed3_20251009-082014.log
[Thu Oct  9 10:17:25 UTC 2025] n=7 m=8 algo=AT seed=1 -> logs/AT_n7_m8_seed1_20251009-101725.log
[Thu Oct  9 12:17:01 UTC 2025] n=7 m=8 algo=AT seed=2 -> logs/AT_n7_m8_seed2_20251009-121701.log
[Thu Oct  9 14:14:44 UTC 2025] n=7 m=8 algo=AT seed=3 -> logs/AT_n7_m8_seed3_20251009-141444.log
[Thu Oct  9 16:13:29 UTC 2025] n=8 m=11 algo=lggfn seed=1 -> logs/lggfn_n8_m11_seed1_20251009-161329.log
[Thu Oct  9 18:51:21 UTC 2025] n=8 m=11 algo=lggfn seed=2 -> logs/lggfn_n8_m11_seed2_20251009-185121.log
[Thu Oct  9 21:28:52 UTC 2025] n=8 m=11 algo=lggfn seed=3 -> logs/lggfn_n8_m11_seed3_20251009-212852.log
[Fri Oct 10 00:03:07 UTC 2025] n=8 m=11 algo=AT seed=1 -> logs/AT_n8_m11_seed1_20251010-000307.log
[Fri Oct 10 02:37:44 UTC 2025] n=8 m=11 algo=AT seed=2 -> logs/AT_n8_m11_seed2_20251010-023744.log
[Fri Oct 10 05:14:17 UTC 2025] n=8 m=11 algo=AT seed=3 -> logs/AT_n8_m11_seed3_20251010-051417.log
[Fri Oct 10 07:49:40 UTC 2025] n=9 m=14 algo=lggfn seed=1 -> logs/lggfn_n9_m14_seed1_20251010-074940.log
[Fri Oct 10 11:12:59 UTC 2025] n=9 m=14 algo=lggfn seed=2 -> logs/lggfn_n9_m14_seed2_20251010-111259.log
[Fri Oct 10 14:35:32 UTC 2025] n=9 m=14 algo=lggfn seed=3 -> logs/lggfn_n9_m14_seed3_20251010-143532.log
[Fri Oct 10 17:58:56 UTC 2025] n=9 m=14 algo=AT seed=1 -> logs/AT_n9_m14_seed1_20251010-175856.log
[Fri Oct 10 21:20:05 UTC 2025] n=9 m=14 algo=AT seed=2 -> logs/AT_n9_m14_seed2_20251010-212005.log
[Sat Oct 11 00:42:44 UTC 2025] n=9 m=14 algo=AT seed=3 -> logs/AT_n9_m14_seed3_20251011-004244.log
[Sat Oct 11 04:05:18 UTC 2025] n=10 m=18 algo=lggfn seed=1 -> logs/lggfn_n10_m18_seed1_20251011-040518.log
[Sat Oct 11 08:16:17 UTC 2025] n=10 m=18 algo=lggfn seed=2 -> logs/lggfn_n10_m18_seed2_20251011-081617.log
[Sat Oct 11 12:26:24 UTC 2025] n=10 m=18 algo=lggfn seed=3 -> logs/lggfn_n10_m18_seed3_20251011-122624.log
[Sat Oct 11 16:37:53 UTC 2025] n=10 m=18 algo=AT seed=1 -> logs/AT_n10_m18_seed1_20251011-163753.log
[Sat Oct 11 20:47:58 UTC 2025] n=10 m=18 algo=AT seed=2 -> logs/AT_n10_m18_seed2_20251011-204758.log
[Sun Oct 12 00:58:55 UTC 2025] n=10 m=18 algo=AT seed=3 -> logs/AT_n10_m18_seed3_20251012-005855.log
[Sun Oct 12 05:10:36 UTC 2025] n=11 m=22 algo=lggfn seed=1 -> logs/lggfn_n11_m22_seed1_20251012-051036.log
[Sun Oct 12 10:20:00 UTC 2025] n=11 m=22 algo=lggfn seed=2 -> logs/lggfn_n11_m22_seed2_20251012-102000.log
[Sun Oct 12 15:30:09 UTC 2025] n=11 m=22 algo=lggfn seed=3 -> logs/lggfn_n11_m22_seed3_20251012-153009.log
[Sun Oct 12 20:39:33 UTC 2025] n=11 m=22 algo=AT seed=1 -> logs/AT_n11_m22_seed1_20251012-203933.log
[Mon Oct 13 01:44:51 UTC 2025] n=11 m=22 algo=AT seed=2 -> logs/AT_n11_m22_seed2_20251013-014451.log
[Mon Oct 13 06:53:52 UTC 2025] n=11 m=22 algo=AT seed=3 -> logs/AT_n11_m22_seed3_20251013-065352.log
[Mon Oct 13 12:03:27 UTC 2025] n=12 m=26 algo=lggfn seed=1 -> logs/lggfn_n12_m26_seed1_20251013-120327.log
